<?xml version="1.0" encoding="UTF-8"?>
<TestRun id="3b0b074f-ebe7-4c54-a076-0c7a5c135f4b" name="Eduardo@EDUARDO-PC 2011-07-01 17:16:12" runUser="Eduardo-PC\Eduardo" xmlns="http://microsoft.com/schemas/VisualStudio/TeamTest/2010">
  <TestSettings name="Local" id="7ef37d7d-f819-4dc0-8582-747f2fb3fa77">
    <Description>These are default test settings for a local test run.</Description>
    <Deployment enabled="false" runDeploymentRoot="Eduardo_EDUARDO-PC 2011-07-01 17_16_12">
      <DeploymentItem filename="C:\Users\Eduardo\documents\visual studio 2010\Projects\TradeSys_Base\TradeSys.Modules.Cliente\bin\Debug\TradeSys.Modules.Cliente.dll" />
      <DeploymentItem filename="C:\Users\Eduardo\Documents\Visual Studio 2010\Projects\TradeSys_Base\Bin\NHibernate\nunit.framework.dll" />
      <DeploymentItem filename="C:\Users\Eduardo\Documents\Visual Studio 2010\Projects\TradeSys_Base\Bin\NHibernate\NHibernate.dll" />
      <DeploymentItem filename="C:\Users\Eduardo\Documents\Visual Studio 2010\Projects\TradeSys_Base\Bin\NHibernate\NHibernate.ByteCode.LinFu.dll" />
    </Deployment>
    <Execution>
      <TestTypeSpecific />
      <AgentRule name="Execution Agents">
      </AgentRule>
    </Execution>
  </TestSettings>
  <Times creation="2011-07-01T17:16:12.3872000-03:00" queuing="2011-07-01T17:16:13.5302000-03:00" start="2011-07-01T17:16:13.6282000-03:00" finish="2011-07-01T17:16:32.7912000-03:00" />
  <ResultSummary outcome="Failed">
    <Counters total="2" executed="2" passed="1" error="0" failed="1" timeout="0" aborted="0" inconclusive="0" passedButRunAborted="0" notRunnable="0" notExecuted="0" disconnected="0" warning="0" completed="0" inProgress="0" pending="0" />
  </ResultSummary>
  <TestDefinitions>
    <UnitTest name="Can_add_new_product" storage="c:\users\eduardo\documents\visual studio 2010\projects\tradesys_base\tradesys.modules.cliente.tests\bin\debug\tradesys.modules.cliente.tests.dll" id="1472574d-cb27-84c1-1e95-292c75c68c19">
      <Execution id="287c946d-184d-45a8-9693-08a661b17f87" />
      <TestMethod codeBase="C:/Users/Eduardo/documents/visual studio 2010/Projects/TradeSys_Base/TradeSys.Modules.Cliente.Tests/bin/Debug/TradeSys.Modules.Cliente.Tests.DLL" adapterTypeName="Microsoft.VisualStudio.TestTools.TestTypes.Unit.UnitTestAdapter, Microsoft.VisualStudio.QualityTools.Tips.UnitTest.Adapter, Version=10.0.0.0, Culture=neutral, PublicKeyToken=b03f5f7f11d50a3a" className="TradeSys.Modules.Cliente.Tests.ClienteRepository_Fixture, TradeSys.Modules.Cliente.Tests, Version=1.0.0.0, Culture=neutral, PublicKeyToken=null" name="Can_add_new_product" />
    </UnitTest>
    <UnitTest name="Can_generate_schema" storage="c:\users\eduardo\documents\visual studio 2010\projects\tradesys_base\tradesys.modules.cliente.tests\bin\debug\tradesys.modules.cliente.tests.dll" id="bfa9be77-851a-d53e-238f-07969e896e2e">
      <Execution id="205a77f4-913f-4d1c-b8a5-f0b43e5f7172" />
      <TestMethod codeBase="C:/Users/Eduardo/documents/visual studio 2010/Projects/TradeSys_Base/TradeSys.Modules.Cliente.Tests/bin/Debug/TradeSys.Modules.Cliente.Tests.DLL" adapterTypeName="Microsoft.VisualStudio.TestTools.TestTypes.Unit.UnitTestAdapter, Microsoft.VisualStudio.QualityTools.Tips.UnitTest.Adapter, Version=10.0.0.0, Culture=neutral, PublicKeyToken=b03f5f7f11d50a3a" className="TradeSys.Modules.Cliente.Tests.GenerateSchema_Fixture, TradeSys.Modules.Cliente.Tests, Version=1.0.0.0, Culture=neutral, PublicKeyToken=null" name="Can_generate_schema" />
    </UnitTest>
  </TestDefinitions>
  <TestLists>
    <TestList name="Resultados fora de uma Lista" id="8c84fa94-04c1-424b-9868-57a2d4851a1d" />
    <TestList name="Todos os Resultados Carregados" id="19431567-8539-422a-85d7-44ee4e166bda" />
  </TestLists>
  <TestEntries>
    <TestEntry testId="bfa9be77-851a-d53e-238f-07969e896e2e" executionId="205a77f4-913f-4d1c-b8a5-f0b43e5f7172" testListId="8c84fa94-04c1-424b-9868-57a2d4851a1d" />
    <TestEntry testId="1472574d-cb27-84c1-1e95-292c75c68c19" executionId="287c946d-184d-45a8-9693-08a661b17f87" testListId="8c84fa94-04c1-424b-9868-57a2d4851a1d" />
  </TestEntries>
  <Results>
    <UnitTestResult executionId="205a77f4-913f-4d1c-b8a5-f0b43e5f7172" testId="bfa9be77-851a-d53e-238f-07969e896e2e" testName="Can_generate_schema" computerName="EDUARDO-PC" duration="00:00:01.5762462" startTime="2011-07-01T17:16:13.6872000-03:00" endTime="2011-07-01T17:16:16.0052000-03:00" testType="13cdc9d9-ddb5-4fa4-a97d-d965ccfc6d4b" outcome="Passed" testListId="8c84fa94-04c1-424b-9868-57a2d4851a1d" relativeResultsDirectory="205a77f4-913f-4d1c-b8a5-f0b43e5f7172">
    </UnitTestResult>
    <UnitTestResult executionId="287c946d-184d-45a8-9693-08a661b17f87" testId="1472574d-cb27-84c1-1e95-292c75c68c19" testName="Can_add_new_product" computerName="EDUARDO-PC" duration="00:00:14.6671204" startTime="2011-07-01T17:16:16.0162000-03:00" endTime="2011-07-01T17:16:30.6972000-03:00" testType="13cdc9d9-ddb5-4fa4-a97d-d965ccfc6d4b" outcome="Failed" testListId="8c84fa94-04c1-424b-9868-57a2d4851a1d" relativeResultsDirectory="287c946d-184d-45a8-9693-08a661b17f87">
      <Output>
        <ErrorInfo>
          <Message>Método de teste TradeSys.Modules.Cliente.Tests.ClienteRepository_Fixture.Can_add_new_product gerou exceção: 
NHibernate.PropertyAccessException: The type System.Guid can not be assigned to a property of type System.Int64 setter of TradeSys.Modules.Cliente.Domain.Clientes.Id ---&gt; System.ArgumentException: Object of type 'System.Guid' cannot be converted to type 'System.Int64'.</Message>
          <StackTrace>    at System.RuntimeType.TryChangeType(Object value, Binder binder, CultureInfo culture, Boolean needsSpecialCast)
   at System.RuntimeType.CheckValue(Object value, Binder binder, CultureInfo culture, BindingFlags invokeAttr)
   at System.Reflection.MethodBase.CheckArguments(Object[] parameters, Binder binder, BindingFlags invokeAttr, CultureInfo culture, Signature sig)
   at System.Reflection.RuntimeMethodInfo.Invoke(Object obj, BindingFlags invokeAttr, Binder binder, Object[] parameters, CultureInfo culture, Boolean skipVisibilityChecks)
   at System.Reflection.RuntimeMethodInfo.Invoke(Object obj, BindingFlags invokeAttr, Binder binder, Object[] parameters, CultureInfo culture)
   at System.Reflection.RuntimePropertyInfo.SetValue(Object obj, Object value, BindingFlags invokeAttr, Binder binder, Object[] index, CultureInfo culture)
   at System.Reflection.RuntimePropertyInfo.SetValue(Object obj, Object value, Object[] index)
   at NHibernate.Properties.BasicPropertyAccessor.BasicSetter.Set(Object target, Object value) in d:\CSharp\NH\NH\nhibernate\src\NHibernate\Properties\BasicPropertyAccessor.cs:line 304
 --- Fim de rastreamento de pilha de exceção interna ---
    at NHibernate.Properties.BasicPropertyAccessor.BasicSetter.Set(Object target, Object value) in d:\CSharp\NH\NH\nhibernate\src\NHibernate\Properties\BasicPropertyAccessor.cs:line 317
   at NHibernate.Tuple.Entity.AbstractEntityTuplizer.SetIdentifier(Object entity, Object id) in d:\CSharp\NH\NH\nhibernate\src\NHibernate\Tuple\Entity\AbstractEntityTuplizer.cs:line 158
   at NHibernate.Persister.Entity.AbstractEntityPersister.SetIdentifier(Object obj, Object id, EntityMode entityMode) in d:\CSharp\NH\NH\nhibernate\src\NHibernate\Persister\Entity\AbstractEntityPersister.cs:line 3885
   at NHibernate.Event.Default.AbstractSaveEventListener.PerformSave(Object entity, Object id, IEntityPersister persister, Boolean useIdentityColumn, Object anything, IEventSource source, Boolean requiresImmediateIdAccess) in d:\CSharp\NH\NH\nhibernate\src\NHibernate\Event\Default\AbstractSaveEventListener.cs:line 176
   at NHibernate.Event.Default.AbstractSaveEventListener.SaveWithGeneratedId(Object entity, String entityName, Object anything, IEventSource source, Boolean requiresImmediateIdAccess) in d:\CSharp\NH\NH\nhibernate\src\NHibernate\Event\Default\AbstractSaveEventListener.cs:line 129
   at NHibernate.Event.Default.DefaultSaveOrUpdateEventListener.SaveWithGeneratedOrRequestedId(SaveOrUpdateEvent event) in d:\CSharp\NH\NH\nhibernate\src\NHibernate\Event\Default\DefaultSaveOrUpdateEventListener.cs:line 162
   at NHibernate.Event.Default.DefaultSaveEventListener.SaveWithGeneratedOrRequestedId(SaveOrUpdateEvent event) in d:\CSharp\NH\NH\nhibernate\src\NHibernate\Event\Default\DefaultSaveEventListener.cs:line 29
   at NHibernate.Event.Default.DefaultSaveOrUpdateEventListener.EntityIsTransient(SaveOrUpdateEvent event) in d:\CSharp\NH\NH\nhibernate\src\NHibernate\Event\Default\DefaultSaveOrUpdateEventListener.cs:line 148
   at NHibernate.Event.Default.DefaultSaveEventListener.PerformSaveOrUpdate(SaveOrUpdateEvent event) in d:\CSharp\NH\NH\nhibernate\src\NHibernate\Event\Default\DefaultSaveEventListener.cs:line 21
   at NHibernate.Event.Default.DefaultSaveOrUpdateEventListener.OnSaveOrUpdate(SaveOrUpdateEvent event) in d:\CSharp\NH\NH\nhibernate\src\NHibernate\Event\Default\DefaultSaveOrUpdateEventListener.cs:line 53
   at NHibernate.Impl.SessionImpl.FireSave(SaveOrUpdateEvent event) in d:\CSharp\NH\NH\nhibernate\src\NHibernate\Impl\SessionImpl.cs:line 2612
   at NHibernate.Impl.SessionImpl.Save(Object obj) in d:\CSharp\NH\NH\nhibernate\src\NHibernate\Impl\SessionImpl.cs:line 474
   at TradeSys.Modules.Cliente.Repositories.ClientesRepository.Add(Clientes cliente) in C:\Users\Eduardo\documents\visual studio 2010\Projects\TradeSys_Base\TradeSys.Modules.Cliente\Repositories\ClientesRepository.cs:line 17
   at TradeSys.Modules.Cliente.Tests.ClienteRepository_Fixture.Can_add_new_product() in C:\Users\Eduardo\documents\visual studio 2010\Projects\TradeSys_Base\TradeSys.Modules.Cliente.Tests\ClienteRepository_Fixture.cs:line 44
</StackTrace>
        </ErrorInfo>
      </Output>
    </UnitTestResult>
  </Results>
</TestRun>