<?xml version="1.0" encoding="UTF-8"?>
<TestRun id="8e364786-6cd0-436a-bf8f-a2c981845248" name="Eduardo@EDUARDO-PC 2011-07-01 17:14:16" runUser="Eduardo-PC\Eduardo" xmlns="http://microsoft.com/schemas/VisualStudio/TeamTest/2010">
  <TestSettings name="Local" id="7ef37d7d-f819-4dc0-8582-747f2fb3fa77">
    <Description>These are default test settings for a local test run.</Description>
    <Deployment enabled="false" runDeploymentRoot="Eduardo_EDUARDO-PC 2011-07-01 17_14_16">
      <DeploymentItem filename="C:\Users\Eduardo\documents\visual studio 2010\Projects\TradeSys_Base\TradeSys.Modules.Cliente\bin\Debug\TradeSys.Modules.Cliente.dll" />
      <DeploymentItem filename="C:\Users\Eduardo\Documents\Visual Studio 2010\Projects\TradeSys_Base\Bin\NHibernate\nunit.framework.dll" />
      <DeploymentItem filename="C:\Users\Eduardo\Documents\Visual Studio 2010\Projects\TradeSys_Base\Bin\NHibernate\NHibernate.dll" />
      <DeploymentItem filename="C:\Users\Eduardo\Documents\Visual Studio 2010\Projects\TradeSys_Base\Bin\NHibernate\NHibernate.ByteCode.LinFu.dll" />
    </Deployment>
    <Execution>
      <TestTypeSpecific />
      <AgentRule name="Execution Agents">
      </AgentRule>
    </Execution>
  </TestSettings>
  <Times creation="2011-07-01T17:14:16.4592000-03:00" queuing="2011-07-01T17:14:17.7512000-03:00" start="2011-07-01T17:14:17.8502000-03:00" finish="2011-07-01T17:15:16.7862000-03:00" />
  <ResultSummary outcome="Error">
    <Counters total="2" executed="1" error="0" failed="0" timeout="0" aborted="1" inconclusive="0" passedButRunAborted="0" notRunnable="0" notExecuted="1" disconnected="0" warning="0" passed="0" completed="0" inProgress="0" pending="0" />
    <RunInfos>
      <RunInfo computerName="EDUARDO-PC" outcome="Error" timestamp="2011-07-01T17:15:16.7842000-03:00">
        <Text>Processo de host de teste terminou de forma inesperada.</Text>
      </RunInfo>
    </RunInfos>
  </ResultSummary>
  <TestDefinitions>
    <UnitTest name="Can_add_new_product" storage="c:\users\eduardo\documents\visual studio 2010\projects\tradesys_base\tradesys.modules.cliente.tests\bin\debug\tradesys.modules.cliente.tests.dll" id="1472574d-cb27-84c1-1e95-292c75c68c19">
      <Execution id="63fc6906-4202-469b-a498-2111c63766a0" />
      <TestMethod codeBase="C:/Users/Eduardo/documents/visual studio 2010/Projects/TradeSys_Base/TradeSys.Modules.Cliente.Tests/bin/Debug/TradeSys.Modules.Cliente.Tests.DLL" adapterTypeName="Microsoft.VisualStudio.TestTools.TestTypes.Unit.UnitTestAdapter, Microsoft.VisualStudio.QualityTools.Tips.UnitTest.Adapter, Version=10.0.0.0, Culture=neutral, PublicKeyToken=b03f5f7f11d50a3a" className="TradeSys.Modules.Cliente.Tests.ClienteRepository_Fixture, TradeSys.Modules.Cliente.Tests, Version=1.0.0.0, Culture=neutral, PublicKeyToken=null" name="Can_add_new_product" />
    </UnitTest>
    <UnitTest name="Can_generate_schema" storage="c:\users\eduardo\documents\visual studio 2010\projects\tradesys_base\tradesys.modules.cliente.tests\bin\debug\tradesys.modules.cliente.tests.dll" id="bfa9be77-851a-d53e-238f-07969e896e2e">
      <Execution id="4c8d97f2-aa1f-4def-b9e4-c4fb7fe5915f" />
      <TestMethod codeBase="C:/Users/Eduardo/documents/visual studio 2010/Projects/TradeSys_Base/TradeSys.Modules.Cliente.Tests/bin/Debug/TradeSys.Modules.Cliente.Tests.DLL" adapterTypeName="Microsoft.VisualStudio.TestTools.TestTypes.Unit.UnitTestAdapter, Microsoft.VisualStudio.QualityTools.Tips.UnitTest.Adapter, Version=10.0.0.0, Culture=neutral, PublicKeyToken=b03f5f7f11d50a3a" className="TradeSys.Modules.Cliente.Tests.GenerateSchema_Fixture, TradeSys.Modules.Cliente.Tests, Version=1.0.0.0, Culture=neutral, PublicKeyToken=null" name="Can_generate_schema" />
    </UnitTest>
  </TestDefinitions>
  <TestLists>
    <TestList name="Resultados fora de uma Lista" id="8c84fa94-04c1-424b-9868-57a2d4851a1d" />
    <TestList name="Todos os Resultados Carregados" id="19431567-8539-422a-85d7-44ee4e166bda" />
  </TestLists>
  <TestEntries>
    <TestEntry testId="bfa9be77-851a-d53e-238f-07969e896e2e" executionId="4c8d97f2-aa1f-4def-b9e4-c4fb7fe5915f" testListId="8c84fa94-04c1-424b-9868-57a2d4851a1d" />
    <TestEntry testId="1472574d-cb27-84c1-1e95-292c75c68c19" executionId="63fc6906-4202-469b-a498-2111c63766a0" testListId="8c84fa94-04c1-424b-9868-57a2d4851a1d" />
  </TestEntries>
  <Results>
    <UnitTestResult executionId="4c8d97f2-aa1f-4def-b9e4-c4fb7fe5915f" testId="bfa9be77-851a-d53e-238f-07969e896e2e" testName="Can_generate_schema" computerName="EDUARDO-PC" duration="00:00:58.8660000" startTime="2011-07-01T17:14:17.9202000-03:00" endTime="2011-07-01T17:15:16.7862000-03:00" testType="13cdc9d9-ddb5-4fa4-a97d-d965ccfc6d4b" outcome="Aborted" testListId="8c84fa94-04c1-424b-9868-57a2d4851a1d" relativeResultsDirectory="4c8d97f2-aa1f-4def-b9e4-c4fb7fe5915f">
    </UnitTestResult>
    <UnitTestResult executionId="63fc6906-4202-469b-a498-2111c63766a0" testId="1472574d-cb27-84c1-1e95-292c75c68c19" testName="Can_add_new_product" computerName="EDUARDO-PC" testType="13cdc9d9-ddb5-4fa4-a97d-d965ccfc6d4b" outcome="NotExecuted" testListId="8c84fa94-04c1-424b-9868-57a2d4851a1d" relativeResultsDirectory="63fc6906-4202-469b-a498-2111c63766a0">
    </UnitTestResult>
  </Results>
</TestRun>