<?xml version="1.0" encoding="UTF-8"?>
<TestRun id="89d34d6b-72cd-4537-8535-76d55521b59f" name="Eduardo@EDUARDO-PC 2011-07-01 17:59:34" runUser="Eduardo-PC\Eduardo" xmlns="http://microsoft.com/schemas/VisualStudio/TeamTest/2010">
  <TestSettings name="Local" id="7ef37d7d-f819-4dc0-8582-747f2fb3fa77">
    <Description>These are default test settings for a local test run.</Description>
    <Deployment enabled="false" runDeploymentRoot="Eduardo_EDUARDO-PC 2011-07-01 17_59_34">
      <DeploymentItem filename="C:\Users\Eduardo\documents\visual studio 2010\Projects\TradeSys_Base\TradeSys.Modules.Cliente\bin\Debug\TradeSys.Modules.Cliente.dll" />
      <DeploymentItem filename="C:\Users\Eduardo\Documents\Visual Studio 2010\Projects\TradeSys_Base\Bin\NHibernate\nunit.framework.dll" />
      <DeploymentItem filename="C:\Users\Eduardo\Documents\Visual Studio 2010\Projects\TradeSys_Base\Bin\NHibernate\NHibernate.dll" />
      <DeploymentItem filename="C:\Users\Eduardo\Documents\Visual Studio 2010\Projects\TradeSys_Base\Bin\NHibernate\NHibernate.ByteCode.LinFu.dll" />
    </Deployment>
    <Execution>
      <TestTypeSpecific />
      <AgentRule name="Execution Agents">
      </AgentRule>
    </Execution>
  </TestSettings>
  <Times creation="2011-07-01T17:59:34.3082000-03:00" queuing="2011-07-01T17:59:34.5022000-03:00" start="2011-07-01T17:59:34.5452000-03:00" finish="2011-07-01T17:59:36.1982000-03:00" />
  <ResultSummary outcome="Failed">
    <Counters total="2" executed="2" error="0" failed="2" timeout="0" aborted="0" inconclusive="0" passedButRunAborted="0" notRunnable="0" notExecuted="0" disconnected="0" warning="0" passed="0" completed="0" inProgress="0" pending="0" />
  </ResultSummary>
  <TestDefinitions>
    <UnitTest name="Can_add_new_product" storage="c:\users\eduardo\documents\visual studio 2010\projects\tradesys_base\tradesys.modules.cliente.tests\bin\debug\tradesys.modules.cliente.tests.dll" id="1472574d-cb27-84c1-1e95-292c75c68c19">
      <Execution id="29cd4ec7-b74f-4e21-b7c1-36d76242967d" />
      <TestMethod codeBase="C:/Users/Eduardo/documents/visual studio 2010/Projects/TradeSys_Base/TradeSys.Modules.Cliente.Tests/bin/Debug/TradeSys.Modules.Cliente.Tests.DLL" adapterTypeName="Microsoft.VisualStudio.TestTools.TestTypes.Unit.UnitTestAdapter, Microsoft.VisualStudio.QualityTools.Tips.UnitTest.Adapter, Version=10.0.0.0, Culture=neutral, PublicKeyToken=b03f5f7f11d50a3a" className="TradeSys.Modules.Cliente.Tests.ClienteRepository_Fixture, TradeSys.Modules.Cliente.Tests, Version=1.0.0.0, Culture=neutral, PublicKeyToken=null" name="Can_add_new_product" />
    </UnitTest>
    <UnitTest name="Can_update_existing_product" storage="c:\users\eduardo\documents\visual studio 2010\projects\tradesys_base\tradesys.modules.cliente.tests\bin\debug\tradesys.modules.cliente.tests.dll" id="589b83fb-6446-6a74-4553-93493150b449">
      <Execution id="b63aeed6-3b0c-493b-b69d-2c36eedb50db" />
      <TestMethod codeBase="C:/Users/Eduardo/documents/visual studio 2010/Projects/TradeSys_Base/TradeSys.Modules.Cliente.Tests/bin/Debug/TradeSys.Modules.Cliente.Tests.DLL" adapterTypeName="Microsoft.VisualStudio.TestTools.TestTypes.Unit.UnitTestAdapter, Microsoft.VisualStudio.QualityTools.Tips.UnitTest.Adapter, Version=10.0.0.0, Culture=neutral, PublicKeyToken=b03f5f7f11d50a3a" className="TradeSys.Modules.Cliente.Tests.ClienteRepository_Fixture, TradeSys.Modules.Cliente.Tests, Version=1.0.0.0, Culture=neutral, PublicKeyToken=null" name="Can_update_existing_product" />
    </UnitTest>
  </TestDefinitions>
  <TestLists>
    <TestList name="Resultados fora de uma Lista" id="8c84fa94-04c1-424b-9868-57a2d4851a1d" />
    <TestList name="Todos os Resultados Carregados" id="19431567-8539-422a-85d7-44ee4e166bda" />
  </TestLists>
  <TestEntries>
    <TestEntry testId="1472574d-cb27-84c1-1e95-292c75c68c19" executionId="29cd4ec7-b74f-4e21-b7c1-36d76242967d" testListId="8c84fa94-04c1-424b-9868-57a2d4851a1d" />
    <TestEntry testId="589b83fb-6446-6a74-4553-93493150b449" executionId="b63aeed6-3b0c-493b-b69d-2c36eedb50db" testListId="8c84fa94-04c1-424b-9868-57a2d4851a1d" />
  </TestEntries>
  <Results>
    <UnitTestResult executionId="29cd4ec7-b74f-4e21-b7c1-36d76242967d" testId="1472574d-cb27-84c1-1e95-292c75c68c19" testName="Can_add_new_product" computerName="EDUARDO-PC" duration="00:00:00.0578632" startTime="2011-07-01T17:59:34.5592000-03:00" endTime="2011-07-01T17:59:34.9552000-03:00" testType="13cdc9d9-ddb5-4fa4-a97d-d965ccfc6d4b" outcome="Failed" testListId="8c84fa94-04c1-424b-9868-57a2d4851a1d" relativeResultsDirectory="29cd4ec7-b74f-4e21-b7c1-36d76242967d">
      <Output>
        <ErrorInfo>
          <Message>Método de teste TradeSys.Modules.Cliente.Tests.ClienteRepository_Fixture.Can_add_new_product gerou exceção: 
System.NullReferenceException: Object reference not set to an instance of an object.</Message>
          <StackTrace>    at TradeSys.Modules.Cliente.Tests.ClienteRepository_Fixture.Can_add_new_product() in C:\Users\Eduardo\documents\visual studio 2010\Projects\TradeSys_Base\TradeSys.Modules.Cliente.Tests\ClienteRepository_Fixture.cs:line 50
</StackTrace>
        </ErrorInfo>
      </Output>
    </UnitTestResult>
    <UnitTestResult executionId="b63aeed6-3b0c-493b-b69d-2c36eedb50db" testId="589b83fb-6446-6a74-4553-93493150b449" testName="Can_update_existing_product" computerName="EDUARDO-PC" duration="00:00:01.1236135" startTime="2011-07-01T17:59:34.9592000-03:00" endTime="2011-07-01T17:59:36.0882000-03:00" testType="13cdc9d9-ddb5-4fa4-a97d-d965ccfc6d4b" outcome="Failed" testListId="8c84fa94-04c1-424b-9868-57a2d4851a1d" relativeResultsDirectory="b63aeed6-3b0c-493b-b69d-2c36eedb50db">
      <Output>
        <ErrorInfo>
          <Message>Método de teste TradeSys.Modules.Cliente.Tests.ClienteRepository_Fixture.Can_update_existing_product gerou exceção: 
NHibernate.Bytecode.ProxyFactoryFactoryNotConfiguredException: The ProxyFactoryFactory was not configured.
Initialize 'proxyfactory.factory_class' property of the session-factory configuration section with one of the available NHibernate.ByteCode providers.
Example:
&lt;property name='proxyfactory.factory_class'&gt;NHibernate.ByteCode.LinFu.ProxyFactoryFactory, NHibernate.ByteCode.LinFu&lt;/property&gt;
Example:
&lt;property name='proxyfactory.factory_class'&gt;NHibernate.ByteCode.Castle.ProxyFactoryFactory, NHibernate.ByteCode.Castle&lt;/property&gt;</Message>
          <StackTrace>    at NHibernate.Bytecode.AbstractBytecodeProvider.get_ProxyFactoryFactory() in d:\CSharp\NH\NH\nhibernate\src\NHibernate\Bytecode\AbstractBytecodeProvider.cs:line 32
   at NHibernate.Cfg.Configuration.ValidateEntities() in d:\CSharp\NH\NH\nhibernate\src\NHibernate\Cfg\Configuration.cs:line 1014
   at NHibernate.Cfg.Configuration.Validate() in d:\CSharp\NH\NH\nhibernate\src\NHibernate\Cfg\Configuration.cs:line 947
   at NHibernate.Cfg.Configuration.BuildSessionFactory() in d:\CSharp\NH\NH\nhibernate\src\NHibernate\Cfg\Configuration.cs:line 1239
   at TradeSys.Modules.Cliente.Repositories.NHibernateHelper.get_SessionFactory() in C:\Users\Eduardo\documents\visual studio 2010\Projects\TradeSys_Base\TradeSys.Modules.Cliente\Repositories\NHibernateHelper.cs:line 24
   at TradeSys.Modules.Cliente.Repositories.NHibernateHelper.OpenSession() in C:\Users\Eduardo\documents\visual studio 2010\Projects\TradeSys_Base\TradeSys.Modules.Cliente\Repositories\NHibernateHelper.cs:line 33
   at TradeSys.Modules.Cliente.Repositories.ClientesRepository.Update(Clientes cliente) in C:\Users\Eduardo\documents\visual studio 2010\Projects\TradeSys_Base\TradeSys.Modules.Cliente\Repositories\ClientesRepository.cs:line 24
   at TradeSys.Modules.Cliente.Tests.ClienteRepository_Fixture.Can_update_existing_product() in C:\Users\Eduardo\documents\visual studio 2010\Projects\TradeSys_Base\TradeSys.Modules.Cliente.Tests\ClienteRepository_Fixture.cs:line 70
</StackTrace>
        </ErrorInfo>
      </Output>
    </UnitTestResult>
  </Results>
</TestRun>