<?xml version="1.0" encoding="UTF-8"?>
<TestRun id="15a3e540-f304-4a94-b523-f5ffae898f59" name="Eduardo@EDUARDO-PC 2011-07-01 17:27:42" runUser="Eduardo-PC\Eduardo" xmlns="http://microsoft.com/schemas/VisualStudio/TeamTest/2010">
  <TestSettings name="Local" id="7ef37d7d-f819-4dc0-8582-747f2fb3fa77">
    <Description>These are default test settings for a local test run.</Description>
    <Deployment enabled="false" runDeploymentRoot="Eduardo_EDUARDO-PC 2011-07-01 17_27_42">
      <DeploymentItem filename="C:\Users\Eduardo\documents\visual studio 2010\Projects\TradeSys_Base\TradeSys.Modules.Cliente\bin\Debug\TradeSys.Modules.Cliente.dll" />
      <DeploymentItem filename="C:\Users\Eduardo\Documents\Visual Studio 2010\Projects\TradeSys_Base\Bin\NHibernate\nunit.framework.dll" />
      <DeploymentItem filename="C:\Users\Eduardo\Documents\Visual Studio 2010\Projects\TradeSys_Base\Bin\NHibernate\NHibernate.dll" />
      <DeploymentItem filename="C:\Users\Eduardo\Documents\Visual Studio 2010\Projects\TradeSys_Base\Bin\NHibernate\NHibernate.ByteCode.LinFu.dll" />
    </Deployment>
    <Execution>
      <TestTypeSpecific />
      <AgentRule name="Execution Agents">
      </AgentRule>
    </Execution>
  </TestSettings>
  <Times creation="2011-07-01T17:27:42.3342000-03:00" queuing="2011-07-01T17:27:42.3562000-03:00" start="2011-07-01T17:27:42.3822000-03:00" finish="2011-07-01T17:27:44.9312000-03:00" />
  <ResultSummary outcome="Completed">
    <Counters total="1" executed="1" passed="1" error="0" failed="0" timeout="0" aborted="0" inconclusive="0" passedButRunAborted="0" notRunnable="0" notExecuted="0" disconnected="0" warning="0" completed="0" inProgress="0" pending="0" />
  </ResultSummary>
  <TestDefinitions>
    <UnitTest name="Can_add_new_product" storage="c:\users\eduardo\documents\visual studio 2010\projects\tradesys_base\tradesys.modules.cliente.tests\bin\debug\tradesys.modules.cliente.tests.dll" id="1472574d-cb27-84c1-1e95-292c75c68c19">
      <Execution id="462d460c-8cd2-4558-92d7-f3a99f51983c" />
      <TestMethod codeBase="C:/Users/Eduardo/documents/visual studio 2010/Projects/TradeSys_Base/TradeSys.Modules.Cliente.Tests/bin/Debug/TradeSys.Modules.Cliente.Tests.DLL" adapterTypeName="Microsoft.VisualStudio.TestTools.TestTypes.Unit.UnitTestAdapter, Microsoft.VisualStudio.QualityTools.Tips.UnitTest.Adapter, Version=10.0.0.0, Culture=neutral, PublicKeyToken=b03f5f7f11d50a3a" className="TradeSys.Modules.Cliente.Tests.ClienteRepository_Fixture, TradeSys.Modules.Cliente.Tests, Version=1.0.0.0, Culture=neutral, PublicKeyToken=null" name="Can_add_new_product" />
    </UnitTest>
  </TestDefinitions>
  <TestLists>
    <TestList name="Resultados fora de uma Lista" id="8c84fa94-04c1-424b-9868-57a2d4851a1d" />
    <TestList name="Todos os Resultados Carregados" id="19431567-8539-422a-85d7-44ee4e166bda" />
  </TestLists>
  <TestEntries>
    <TestEntry testId="1472574d-cb27-84c1-1e95-292c75c68c19" executionId="462d460c-8cd2-4558-92d7-f3a99f51983c" testListId="8c84fa94-04c1-424b-9868-57a2d4851a1d" />
  </TestEntries>
  <Results>
    <UnitTestResult executionId="462d460c-8cd2-4558-92d7-f3a99f51983c" testId="1472574d-cb27-84c1-1e95-292c75c68c19" testName="Can_add_new_product" computerName="EDUARDO-PC" duration="00:00:01.8292301" startTime="2011-07-01T17:27:42.3892000-03:00" endTime="2011-07-01T17:27:44.4452000-03:00" testType="13cdc9d9-ddb5-4fa4-a97d-d965ccfc6d4b" outcome="Passed" testListId="8c84fa94-04c1-424b-9868-57a2d4851a1d" relativeResultsDirectory="462d460c-8cd2-4558-92d7-f3a99f51983c">
    </UnitTestResult>
  </Results>
</TestRun>