<?xml version="1.0" encoding="UTF-8"?>
<TestRun id="8373d634-43d3-40ef-9d05-1e1cd9ab36f8" name="Eduardo@EDUARDO-PC 2011-07-01 17:22:19" runUser="Eduardo-PC\Eduardo" xmlns="http://microsoft.com/schemas/VisualStudio/TeamTest/2010">
  <TestSettings name="Local" id="7ef37d7d-f819-4dc0-8582-747f2fb3fa77">
    <Description>These are default test settings for a local test run.</Description>
    <Deployment enabled="false" runDeploymentRoot="Eduardo_EDUARDO-PC 2011-07-01 17_22_19">
      <DeploymentItem filename="C:\Users\Eduardo\documents\visual studio 2010\Projects\TradeSys_Base\TradeSys.Modules.Cliente\bin\Debug\TradeSys.Modules.Cliente.dll" />
      <DeploymentItem filename="C:\Users\Eduardo\Documents\Visual Studio 2010\Projects\TradeSys_Base\Bin\NHibernate\nunit.framework.dll" />
      <DeploymentItem filename="C:\Users\Eduardo\Documents\Visual Studio 2010\Projects\TradeSys_Base\Bin\NHibernate\NHibernate.dll" />
      <DeploymentItem filename="C:\Users\Eduardo\Documents\Visual Studio 2010\Projects\TradeSys_Base\Bin\NHibernate\NHibernate.ByteCode.LinFu.dll" />
    </Deployment>
    <Execution>
      <TestTypeSpecific />
      <AgentRule name="Execution Agents">
      </AgentRule>
    </Execution>
  </TestSettings>
  <Times creation="2011-07-01T17:22:19.8452000-03:00" queuing="2011-07-01T17:22:19.8822000-03:00" start="2011-07-01T17:22:19.8922000-03:00" finish="2011-07-01T17:22:21.6842000-03:00" />
  <ResultSummary outcome="Failed">
    <Counters total="1" executed="1" error="0" failed="1" timeout="0" aborted="0" inconclusive="0" passedButRunAborted="0" notRunnable="0" notExecuted="0" disconnected="0" warning="0" passed="0" completed="0" inProgress="0" pending="0" />
  </ResultSummary>
  <TestDefinitions>
    <UnitTest name="Can_add_new_product" storage="c:\users\eduardo\documents\visual studio 2010\projects\tradesys_base\tradesys.modules.cliente.tests\bin\debug\tradesys.modules.cliente.tests.dll" id="1472574d-cb27-84c1-1e95-292c75c68c19">
      <Execution id="449d5147-6a56-413a-8f33-627f92848f17" />
      <TestMethod codeBase="C:/Users/Eduardo/documents/visual studio 2010/Projects/TradeSys_Base/TradeSys.Modules.Cliente.Tests/bin/Debug/TradeSys.Modules.Cliente.Tests.DLL" adapterTypeName="Microsoft.VisualStudio.TestTools.TestTypes.Unit.UnitTestAdapter, Microsoft.VisualStudio.QualityTools.Tips.UnitTest.Adapter, Version=10.0.0.0, Culture=neutral, PublicKeyToken=b03f5f7f11d50a3a" className="TradeSys.Modules.Cliente.Tests.ClienteRepository_Fixture, TradeSys.Modules.Cliente.Tests, Version=1.0.0.0, Culture=neutral, PublicKeyToken=null" name="Can_add_new_product" />
    </UnitTest>
  </TestDefinitions>
  <TestLists>
    <TestList name="Resultados fora de uma Lista" id="8c84fa94-04c1-424b-9868-57a2d4851a1d" />
    <TestList name="Todos os Resultados Carregados" id="19431567-8539-422a-85d7-44ee4e166bda" />
  </TestLists>
  <TestEntries>
    <TestEntry testId="1472574d-cb27-84c1-1e95-292c75c68c19" executionId="449d5147-6a56-413a-8f33-627f92848f17" testListId="8c84fa94-04c1-424b-9868-57a2d4851a1d" />
  </TestEntries>
  <Results>
    <UnitTestResult executionId="449d5147-6a56-413a-8f33-627f92848f17" testId="1472574d-cb27-84c1-1e95-292c75c68c19" testName="Can_add_new_product" computerName="EDUARDO-PC" duration="00:00:01.5189154" startTime="2011-07-01T17:22:19.9052000-03:00" endTime="2011-07-01T17:22:21.6552000-03:00" testType="13cdc9d9-ddb5-4fa4-a97d-d965ccfc6d4b" outcome="Failed" testListId="8c84fa94-04c1-424b-9868-57a2d4851a1d" relativeResultsDirectory="449d5147-6a56-413a-8f33-627f92848f17">
      <Output>
        <ErrorInfo>
          <Message>Método de teste TradeSys.Modules.Cliente.Tests.ClienteRepository_Fixture.Can_add_new_product gerou exceção: 
NHibernate.Exceptions.GenericADOException: could not fetch initial value for increment generator[SQL: SQL not available] ---&gt; System.Data.SqlClient.SqlException: Invalid object name 'Clientes'.</Message>
          <StackTrace>    at System.Data.SqlClient.SqlConnection.OnError(SqlException exception, Boolean breakConnection)
   at System.Data.SqlClient.SqlInternalConnection.OnError(SqlException exception, Boolean breakConnection)
   at System.Data.SqlClient.TdsParser.ThrowExceptionAndWarning()
   at System.Data.SqlClient.TdsParser.Run(RunBehavior runBehavior, SqlCommand cmdHandler, SqlDataReader dataStream, BulkCopySimpleResultSet bulkCopyHandler, TdsParserStateObject stateObj)
   at System.Data.SqlClient.SqlDataReader.ConsumeMetaData()
   at System.Data.SqlClient.SqlDataReader.get_MetaData()
   at System.Data.SqlClient.SqlCommand.FinishExecuteReader(SqlDataReader ds, RunBehavior runBehavior, String resetOptionsString)
   at System.Data.SqlClient.SqlCommand.RunExecuteReaderTds(CommandBehavior cmdBehavior, RunBehavior runBehavior, Boolean returnStream, Boolean async)
   at System.Data.SqlClient.SqlCommand.RunExecuteReader(CommandBehavior cmdBehavior, RunBehavior runBehavior, Boolean returnStream, String method, DbAsyncResult result)
   at System.Data.SqlClient.SqlCommand.RunExecuteReader(CommandBehavior cmdBehavior, RunBehavior runBehavior, Boolean returnStream, String method)
   at System.Data.SqlClient.SqlCommand.ExecuteReader(CommandBehavior behavior, String method)
   at System.Data.SqlClient.SqlCommand.ExecuteDbDataReader(CommandBehavior behavior)
   at System.Data.Common.DbCommand.System.Data.IDbCommand.ExecuteReader()
   at NHibernate.Id.IncrementGenerator.GetNext(ISessionImplementor session) in d:\CSharp\NH\NH\nhibernate\src\NHibernate\Id\IncrementGenerator.cs:line 106
 --- Fim de rastreamento de pilha de exceção interna ---
    at NHibernate.Id.IncrementGenerator.GetNext(ISessionImplementor session) in d:\CSharp\NH\NH\nhibernate\src\NHibernate\Id\IncrementGenerator.cs:line 133
   at NHibernate.Id.IncrementGenerator.Generate(ISessionImplementor session, Object obj) in d:\CSharp\NH\NH\nhibernate\src\NHibernate\Id\IncrementGenerator.cs:line 89
   at NHibernate.Event.Default.AbstractSaveEventListener.SaveWithGeneratedId(Object entity, String entityName, Object anything, IEventSource source, Boolean requiresImmediateIdAccess) in d:\CSharp\NH\NH\nhibernate\src\NHibernate\Event\Default\AbstractSaveEventListener.cs:line 108
   at NHibernate.Event.Default.DefaultSaveOrUpdateEventListener.SaveWithGeneratedOrRequestedId(SaveOrUpdateEvent event) in d:\CSharp\NH\NH\nhibernate\src\NHibernate\Event\Default\DefaultSaveOrUpdateEventListener.cs:line 162
   at NHibernate.Event.Default.DefaultSaveEventListener.SaveWithGeneratedOrRequestedId(SaveOrUpdateEvent event) in d:\CSharp\NH\NH\nhibernate\src\NHibernate\Event\Default\DefaultSaveEventListener.cs:line 27
   at NHibernate.Event.Default.DefaultSaveOrUpdateEventListener.EntityIsTransient(SaveOrUpdateEvent event) in d:\CSharp\NH\NH\nhibernate\src\NHibernate\Event\Default\DefaultSaveOrUpdateEventListener.cs:line 148
   at NHibernate.Event.Default.DefaultSaveEventListener.PerformSaveOrUpdate(SaveOrUpdateEvent event) in d:\CSharp\NH\NH\nhibernate\src\NHibernate\Event\Default\DefaultSaveEventListener.cs:line 21
   at NHibernate.Event.Default.DefaultSaveOrUpdateEventListener.OnSaveOrUpdate(SaveOrUpdateEvent event) in d:\CSharp\NH\NH\nhibernate\src\NHibernate\Event\Default\DefaultSaveOrUpdateEventListener.cs:line 53
   at NHibernate.Impl.SessionImpl.FireSave(SaveOrUpdateEvent event) in d:\CSharp\NH\NH\nhibernate\src\NHibernate\Impl\SessionImpl.cs:line 2612
   at NHibernate.Impl.SessionImpl.Save(Object obj) in d:\CSharp\NH\NH\nhibernate\src\NHibernate\Impl\SessionImpl.cs:line 474
   at TradeSys.Modules.Cliente.Repositories.ClientesRepository.Add(Clientes cliente) in C:\Users\Eduardo\documents\visual studio 2010\Projects\TradeSys_Base\TradeSys.Modules.Cliente\Repositories\ClientesRepository.cs:line 17
   at TradeSys.Modules.Cliente.Tests.ClienteRepository_Fixture.Can_add_new_product() in C:\Users\Eduardo\documents\visual studio 2010\Projects\TradeSys_Base\TradeSys.Modules.Cliente.Tests\ClienteRepository_Fixture.cs:line 44
</StackTrace>
        </ErrorInfo>
      </Output>
    </UnitTestResult>
  </Results>
</TestRun>